app/manifest-merger-release-report.txt
-- Merging decision tree log ---
manifest
ADDED from AndroidManifest.xml:2:1
	xmlns:android
		ADDED from AndroidManifest.xml:2:11
	package
		ADDED from AndroidManifest.xml:3:5
		INJECTED from AndroidManifest.xml:0:0
		INJECTED from AndroidManifest.xml:0:0
	android:versionName
		INJECTED from AndroidManifest.xml:0:0
		INJECTED from AndroidManifest.xml:0:0
	android:versionCode
		INJECTED from AndroidManifest.xml:0:0
		INJECTED from AndroidManifest.xml:0:0
uses-feature#android.hardware.gps
ADDED from AndroidManifest.xml:5:5
	android:required
		ADDED from AndroidManifest.xml:5:55
	android:name
		ADDED from AndroidManifest.xml:5:19
uses-feature#android.hardware.location
ADDED from AndroidManifest.xml:6:5
	android:required
		ADDED from AndroidManifest.xml:6:60
	android:name
		ADDED from AndroidManifest.xml:6:19
uses-feature#android.hardware.location.gps
ADDED from AndroidManifest.xml:7:5
	android:required
		ADDED from AndroidManifest.xml:7:64
	android:name
		ADDED from AndroidManifest.xml:7:19
uses-feature#android.hardware.touchscreen
ADDED from AndroidManifest.xml:8:5
	android:required
		ADDED from AndroidManifest.xml:8:63
	android:name
		ADDED from AndroidManifest.xml:8:19
uses-feature#android.hardware.telephony
ADDED from AndroidManifest.xml:9:5
	android:required
		ADDED from AndroidManifest.xml:9:61
	android:name
		ADDED from AndroidManifest.xml:9:19
uses-feature#android.hardware.camera
ADDED from AndroidManifest.xml:10:5
	android:required
		ADDED from AndroidManifest.xml:10:58
	android:name
		ADDED from AndroidManifest.xml:10:19
uses-feature#android.hardware.nfc
ADDED from AndroidManifest.xml:11:5
	android:required
		ADDED from AndroidManifest.xml:11:55
	android:name
		ADDED from AndroidManifest.xml:11:19
uses-feature#android.hardware.microphone
ADDED from AndroidManifest.xml:12:5
	android:required
		ADDED from AndroidManifest.xml:12:62
	android:name
		ADDED from AndroidManifest.xml:12:19
uses-feature#android.hardware.wifi
ADDED from AndroidManifest.xml:13:5
	android:required
		ADDED from AndroidManifest.xml:13:56
	android:name
		ADDED from AndroidManifest.xml:13:19
uses-feature#android.hardware.bluetooth
ADDED from AndroidManifest.xml:14:5
	android:required
		ADDED from AndroidManifest.xml:14:61
	android:name
		ADDED from AndroidManifest.xml:14:19
application
ADDED from AndroidManifest.xml:16:5
MERGED from com.android.support:appcompat-v7:21.0.3:16:5
MERGED from com.android.support:support-v4:21.0.3:16:5
	android:label
		ADDED from AndroidManifest.xml:19:9
	android:allowBackup
		ADDED from AndroidManifest.xml:17:9
	android:icon
		ADDED from AndroidManifest.xml:18:9
	android:theme
		ADDED from AndroidManifest.xml:20:9
activity#com.felkertech.n.tvnotification.MainActivity
ADDED from AndroidManifest.xml:21:9
	android:label
		ADDED from AndroidManifest.xml:23:13
	android:name
		ADDED from AndroidManifest.xml:22:13
intent-filter#android.intent.action.MAIN+android.intent.category.LAUNCHER
ADDED from AndroidManifest.xml:24:13
action#android.intent.action.MAIN
ADDED from AndroidManifest.xml:25:17
	android:name
		ADDED from AndroidManifest.xml:25:25
category#android.intent.category.LAUNCHER
ADDED from AndroidManifest.xml:27:17
	android:name
		ADDED from AndroidManifest.xml:27:27
service#com.felkertech.n.tvnotification.NotificationListener
ADDED from AndroidManifest.xml:30:9
	android:label
		ADDED from AndroidManifest.xml:31:13
	android:permission
		ADDED from AndroidManifest.xml:32:13
	android:name
		ADDED from AndroidManifest.xml:30:18
intent-filter#android.service.notification.NotificationListenerService
ADDED from AndroidManifest.xml:33:13
action#android.service.notification.NotificationListenerService
ADDED from AndroidManifest.xml:34:17
	android:name
		ADDED from AndroidManifest.xml:34:25
uses-sdk
INJECTED from AndroidManifest.xml:0:0 reason: use-sdk injection requested
MERGED from com.android.support:appcompat-v7:21.0.3:15:5
MERGED from com.android.support:support-v4:21.0.3:15:5
	android:targetSdkVersion
		INJECTED from AndroidManifest.xml:0:0
		INJECTED from AndroidManifest.xml:0:0
	android:minSdkVersion
		INJECTED from AndroidManifest.xml:0:0
		INJECTED from AndroidManifest.xml:0:0